<?xml version="1.0" encoding="UTF-8"?>
<robot generator="Robot 7.2.2 (Python 3.13.3 on win32)" generated="2025-06-11T21:34:16.698529" rpa="false" schemaversion="5">
<suite id="s1" name="loginPage" source="D:\mkc\pyleafs\robots\fw\tests\loginPage.robot">
<test id="s1-t1" name="validlogin" line="8">
<kw name="logInScenarios">
<kw name="Create Webdriver" owner="SeleniumLibrary">
<msg time="2025-06-11T21:34:17.035688" level="INFO">Creating an instance of the Firefox WebDriver.</msg>
<arg>Firefox</arg>
<doc>Creates an instance of Selenium WebDriver.</doc>
<status status="PASS" start="2025-06-11T21:34:17.035515" elapsed="6.838648"/>
</kw>
<kw name="Maximize Browser Window" owner="SeleniumLibrary">
<doc>Maximizes current browser window.</doc>
<status status="PASS" start="2025-06-11T21:34:23.874528" elapsed="0.005744"/>
</kw>
<kw name="Go To" owner="SeleniumLibrary">
<msg time="2025-06-11T21:34:23.880899" level="INFO">Opening url 'https://rahulshettyacademy.com/loginpagePractise/'</msg>
<arg>${url}</arg>
<doc>Navigates the current browser window to the provided ``url``.</doc>
<status status="PASS" start="2025-06-11T21:34:23.880554" elapsed="0.583434"/>
</kw>
<kw name="Wait Until Element Is Visible" owner="SeleniumLibrary">
<arg>xpath://label[@for='username']/following-sibling::input</arg>
<doc>Waits until the element ``locator`` is visible.</doc>
<status status="PASS" start="2025-06-11T21:34:24.464270" elapsed="0.104660"/>
</kw>
<kw name="Input Text" owner="SeleniumLibrary">
<msg time="2025-06-11T21:34:24.569639" level="INFO">Typing text 'rahulshettyacademy' into text field 'xpath://*[@id='username']'.</msg>
<arg>xpath://*[@id='username']</arg>
<arg>${userName}</arg>
<doc>Types the given ``text`` into the text field identified by ``locator``.</doc>
<status status="PASS" start="2025-06-11T21:34:24.569220" elapsed="0.212534"/>
</kw>
<kw name="Input Text" owner="SeleniumLibrary">
<msg time="2025-06-11T21:34:24.782551" level="INFO">Typing text 'learning' into text field 'xpath://input[@type='password']'.</msg>
<arg>xpath://input[@type='password']</arg>
<arg>${passWord}</arg>
<doc>Types the given ``text`` into the text field identified by ``locator``.</doc>
<status status="PASS" start="2025-06-11T21:34:24.782078" elapsed="0.082801"/>
</kw>
<kw name="Click Button" owner="SeleniumLibrary">
<msg time="2025-06-11T21:34:24.865397" level="INFO">Clicking button '//input[@name='terms']/parent::span/parent::label/following-sibling::input'.</msg>
<arg>//input[@name='terms']/parent::span/parent::label/following-sibling::input</arg>
<doc>Clicks the button identified by ``locator``.</doc>
<status status="PASS" start="2025-06-11T21:34:24.865145" elapsed="0.283994"/>
</kw>
<kw name="ShopingPageValidation" owner="shopingPageObjects">
<kw name="Wait Until Element Is Visible" owner="SeleniumLibrary">
<arg>xpath://nav[contains(class,navbar-expand-sm)]/a</arg>
<doc>Waits until the element ``locator`` is visible.</doc>
<status status="PASS" start="2025-06-11T21:34:25.150119" elapsed="2.624676"/>
</kw>
<kw name="Get Text" owner="SeleniumLibrary">
<msg time="2025-06-11T21:34:27.794669" level="INFO">${text} = ProtoCommerce</msg>
<var>${text}</var>
<arg>xpath://nav[contains(class,navbar-expand-sm)]/a</arg>
<doc>Returns the text value of the element identified by ``locator``.</doc>
<status status="PASS" start="2025-06-11T21:34:27.775157" elapsed="0.019590"/>
</kw>
<kw name="Log To Console" owner="BuiltIn">
<arg>${text}</arg>
<doc>Logs the given message to the console.</doc>
<status status="PASS" start="2025-06-11T21:34:27.795043" elapsed="0.005546"/>
</kw>
<kw name="Element Text Should Be" owner="SeleniumLibrary">
<msg time="2025-06-11T21:34:27.801554" level="INFO">Verifying element 'xpath://nav[contains(class,navbar-expand-sm)]/a' contains exact text 'ProtoCommerce'.</msg>
<arg>xpath://nav[contains(class,navbar-expand-sm)]/a</arg>
<arg>${text}</arg>
<doc>Verifies that element ``locator`` contains exact the text ``expected``.</doc>
<status status="PASS" start="2025-06-11T21:34:27.801169" elapsed="0.075024"/>
</kw>
<status status="PASS" start="2025-06-11T21:34:25.149590" elapsed="2.726844"/>
</kw>
<kw name="Sleep" owner="BuiltIn">
<msg time="2025-06-11T21:34:42.877246" level="INFO">Slept 15 seconds.</msg>
<arg>15</arg>
<doc>Pauses the test executed for the given time.</doc>
<status status="PASS" start="2025-06-11T21:34:27.876705" elapsed="15.000828"/>
</kw>
<arg>rahulshettyacademy</arg>
<arg>learning</arg>
<status status="PASS" start="2025-06-11T21:34:17.034724" elapsed="25.843063"/>
</kw>
<kw name="Close Browser" owner="SeleniumLibrary" type="TEARDOWN">
<doc>Closes the current browser.</doc>
<status status="PASS" start="2025-06-11T21:34:42.878631" elapsed="3.182038"/>
</kw>
<status status="PASS" start="2025-06-11T21:34:17.033899" elapsed="29.027359"/>
</test>
<test id="s1-t2" name="invalidUser" line="9">
<kw name="logInScenarios">
<kw name="Create Webdriver" owner="SeleniumLibrary">
<msg time="2025-06-11T21:34:46.064660" level="INFO">Creating an instance of the Firefox WebDriver.</msg>
<arg>Firefox</arg>
<doc>Creates an instance of Selenium WebDriver.</doc>
<status status="PASS" start="2025-06-11T21:34:46.064349" elapsed="6.777149"/>
</kw>
<kw name="Maximize Browser Window" owner="SeleniumLibrary">
<doc>Maximizes current browser window.</doc>
<status status="PASS" start="2025-06-11T21:34:52.841785" elapsed="0.003687"/>
</kw>
<kw name="Go To" owner="SeleniumLibrary">
<msg time="2025-06-11T21:34:52.846079" level="INFO">Opening url 'https://rahulshettyacademy.com/loginpagePractise/'</msg>
<arg>${url}</arg>
<doc>Navigates the current browser window to the provided ``url``.</doc>
<status status="PASS" start="2025-06-11T21:34:52.845766" elapsed="0.676458"/>
</kw>
<kw name="Wait Until Element Is Visible" owner="SeleniumLibrary">
<arg>xpath://label[@for='username']/following-sibling::input</arg>
<doc>Waits until the element ``locator`` is visible.</doc>
<status status="PASS" start="2025-06-11T21:34:53.522502" elapsed="0.071497"/>
</kw>
<kw name="Input Text" owner="SeleniumLibrary">
<msg time="2025-06-11T21:34:53.594668" level="INFO">Typing text 'rahulshettyacademy123' into text field 'xpath://*[@id='username']'.</msg>
<arg>xpath://*[@id='username']</arg>
<arg>${userName}</arg>
<doc>Types the given ``text`` into the text field identified by ``locator``.</doc>
<status status="PASS" start="2025-06-11T21:34:53.594291" elapsed="0.200275"/>
</kw>
<kw name="Input Text" owner="SeleniumLibrary">
<msg time="2025-06-11T21:34:53.795264" level="INFO">Typing text 'learning' into text field 'xpath://input[@type='password']'.</msg>
<arg>xpath://input[@type='password']</arg>
<arg>${passWord}</arg>
<doc>Types the given ``text`` into the text field identified by ``locator``.</doc>
<status status="PASS" start="2025-06-11T21:34:53.794873" elapsed="0.065884"/>
</kw>
<kw name="Click Button" owner="SeleniumLibrary">
<msg time="2025-06-11T21:34:53.862357" level="INFO">Clicking button '//input[@name='terms']/parent::span/parent::label/following-sibling::input'.</msg>
<arg>//input[@name='terms']/parent::span/parent::label/following-sibling::input</arg>
<doc>Clicks the button identified by ``locator``.</doc>
<status status="PASS" start="2025-06-11T21:34:53.861436" elapsed="0.294799"/>
</kw>
<kw name="ShopingPageValidation" owner="shopingPageObjects">
<kw name="Wait Until Element Is Visible" owner="SeleniumLibrary">
<msg time="2025-06-11T21:34:59.414417" level="INFO" html="true">&lt;/td&gt;&lt;/tr&gt;&lt;tr&gt;&lt;td colspan="3"&gt;&lt;a href="selenium-screenshot-3.png"&gt;&lt;img src="selenium-screenshot-3.png" width="800px"&gt;&lt;/a&gt;</msg>
<msg time="2025-06-11T21:34:59.414677" level="FAIL">Element 'xpath://nav[contains(class,navbar-expand-sm)]/a' not visible after 5 seconds.</msg>
<arg>xpath://nav[contains(class,navbar-expand-sm)]/a</arg>
<doc>Waits until the element ``locator`` is visible.</doc>
<status status="FAIL" start="2025-06-11T21:34:54.157139" elapsed="5.261859">Element 'xpath://nav[contains(class,navbar-expand-sm)]/a' not visible after 5 seconds.</status>
</kw>
<kw name="Get Text" owner="SeleniumLibrary">
<var>${text}</var>
<arg>xpath://nav[contains(class,navbar-expand-sm)]/a</arg>
<doc>Returns the text value of the element identified by ``locator``.</doc>
<status status="NOT RUN" start="2025-06-11T21:34:59.419498" elapsed="0.000053"/>
</kw>
<kw name="Log To Console" owner="BuiltIn">
<arg>${text}</arg>
<doc>Logs the given message to the console.</doc>
<status status="NOT RUN" start="2025-06-11T21:34:59.419680" elapsed="0.000029"/>
</kw>
<kw name="Element Text Should Be" owner="SeleniumLibrary">
<arg>xpath://nav[contains(class,navbar-expand-sm)]/a</arg>
<arg>${text}</arg>
<doc>Verifies that element ``locator`` contains exact the text ``expected``.</doc>
<status status="NOT RUN" start="2025-06-11T21:34:59.419800" elapsed="0.000045"/>
</kw>
<status status="FAIL" start="2025-06-11T21:34:54.156652" elapsed="5.263348">Element 'xpath://nav[contains(class,navbar-expand-sm)]/a' not visible after 5 seconds.</status>
</kw>
<kw name="Sleep" owner="BuiltIn">
<arg>15</arg>
<doc>Pauses the test executed for the given time.</doc>
<status status="NOT RUN" start="2025-06-11T21:34:59.420161" elapsed="0.000033"/>
</kw>
<arg>rahulshettyacademy123</arg>
<arg>learning</arg>
<status status="FAIL" start="2025-06-11T21:34:46.063584" elapsed="13.356714">Element 'xpath://nav[contains(class,navbar-expand-sm)]/a' not visible after 5 seconds.</status>
</kw>
<kw name="Close Browser" owner="SeleniumLibrary" type="TEARDOWN">
<doc>Closes the current browser.</doc>
<status status="PASS" start="2025-06-11T21:34:59.420814" elapsed="3.252222"/>
</kw>
<status status="FAIL" start="2025-06-11T21:34:46.062575" elapsed="16.610980">Element 'xpath://nav[contains(class,navbar-expand-sm)]/a' not visible after 5 seconds.</status>
</test>
<status status="FAIL" start="2025-06-11T21:34:16.700504" elapsed="45.974833"/>
</suite>
<statistics>
<total>
<stat pass="1" fail="1" skip="0">All Tests</stat>
</total>
<tag>
</tag>
<suite>
<stat name="loginPage" id="s1" pass="1" fail="1" skip="0">loginPage</stat>
</suite>
</statistics>
<errors>
</errors>
</robot>
